2026-02-11T17:44:47.990Z - [RECOVERED] product/rover.md
    "expected": "'available' | 'early access' | 'coming soon' | 'planned'",
    "received": "undefined",
    "code": "invalid_type",
    "path": [
      "availability"
    ],
    "message": "Required"
  }
]
2026-02-11T17:44:47.990Z - [RECOVERED] product/rover.md
2026-02-11T17:44:47.983Z - [RECOVERED] product/ranger.md
    "expected": "'available' | 'early access' | 'coming soon' | 'planned'",
    "received": "undefined",
    "code": "invalid_type",
    "path": [
      "availability"
    ],
    "message": "Required"
  }
]
2026-02-11T17:44:47.983Z - [RECOVERED] product/ranger.md
2026-02-11T17:44:47.976Z - [RECOVERED] product/recall.md
    "expected": "'available' | 'early access' | 'coming soon' | 'planned'",
    "received": "undefined",
    "code": "invalid_type",
    "path": [
      "availability"
    ],
    "message": "Required"
  }
]
2026-02-11T17:44:47.976Z - [RECOVERED] product/recall.md
2026-02-23T17:24:01.868Z - profile/profile.md: Entity type registration failed for profile: No adapter registered for entity type
→ profile/profile.md.invalid

2026-02-23T17:24:01.880Z - identity/identity.md: Entity type registration failed for identity: No adapter registered for entity type
→ identity/identity.md.invalid

2026-02-25T03:24:36.733Z - anchor-profile/anchor-profile.md: Entity type registration failed for anchor-profile: No adapter registered for entity type
→ anchor-profile/anchor-profile.md.invalid

2026-02-25T03:24:36.735Z - brain-character/brain-character.md: Entity type registration failed for brain-character: No adapter registered for entity type
→ brain-character/brain-character.md.invalid

